TN:
SF:server/config.js
FNF:0
FNH:0
DA:4,3
DA:5,3
DA:6,3
DA:7,3
LF:4
LH:4
BRDA:10,0,0,3
BRDA:10,0,1,3
BRF:2
BRH:2
end_of_record
TN:
SF:server/controller.js
FN:4,(anonymous_0)
FN:8,(anonymous_1)
FNF:2
FNH:2
FNDA:2,(anonymous_0)
FNDA:1,(anonymous_1)
DA:5,2
DA:9,1
LF:2
LH:2
BRF:0
BRH:0
end_of_record
TN:
SF:server/routes.js
FN:19,routes
FN:64,handleError
FN:76,handler
FN:78,(anonymous_3)
FNF:4
FNH:4
FNDA:8,routes
FNDA:2,handleError
FNDA:8,handler
FNDA:2,(anonymous_3)
DA:15,1
DA:17,1
DA:20,8
DA:22,8
DA:23,1
DA:27,1
DA:30,7
DA:31,1
DA:38,1
DA:41,6
DA:42,1
DA:43,1
DA:47,5
DA:48,4
DA:49,2
DA:51,2
DA:52,1
DA:56,2
DA:59,1
DA:61,1
DA:65,2
DA:66,1
DA:67,1
DA:68,1
DA:71,1
DA:72,1
DA:73,1
DA:77,8
DA:78,2
LF:29
LH:29
BRDA:22,0,0,1
BRDA:22,0,1,7
BRDA:22,1,0,8
BRDA:22,1,1,7
BRDA:30,2,0,1
BRDA:30,2,1,6
BRDA:30,3,0,7
BRDA:30,3,1,6
BRDA:41,4,0,1
BRDA:41,4,1,5
BRDA:41,5,0,6
BRDA:41,5,1,5
BRDA:47,6,0,4
BRDA:47,6,1,1
BRDA:51,7,0,1
BRDA:51,7,1,1
BRDA:65,8,0,1
BRDA:65,8,1,1
BRF:18
BRH:18
end_of_record
TN:
SF:server/service.js
FN:13,(anonymous_0)
FN:17,(anonymous_1)
FN:34,(anonymous_2)
FNF:3
FNH:3
FNDA:1,(anonymous_0)
FNDA:1,(anonymous_1)
FNDA:1,(anonymous_2)
DA:10,3
DA:14,1
DA:21,1
DA:24,1
DA:26,1
DA:28,1
DA:35,1
DA:37,1
LF:8
LH:8
BRF:0
BRH:0
end_of_record
TN:
SF:server/util.js
FNF:0
FNH:0
DA:3,1
DA:13,1
LF:2
LH:2
BRF:0
BRH:0
end_of_record
TN:
SF:tests/units/_util/testUtil.js
FN:6,(anonymous_0)
FN:8,(anonymous_1)
FN:18,(anonymous_2)
FN:20,(anonymous_3)
FN:28,(anonymous_4)
FN:30,(anonymous_5)
FN:44,(anonymous_6)
FNF:7
FNH:4
FNDA:15,(anonymous_0)
FNDA:0,(anonymous_1)
FNDA:8,(anonymous_2)
FNDA:0,(anonymous_3)
FNDA:8,(anonymous_4)
FNDA:0,(anonymous_5)
FNDA:8,(anonymous_6)
DA:7,15
DA:9,0
DA:10,0
DA:13,0
DA:19,8
DA:21,0
DA:23,0
DA:29,8
DA:30,8
DA:31,8
DA:43,8
DA:44,8
LF:12
LH:7
BRF:0
BRH:0
end_of_record
